<?xml version="1.0" encoding="UTF-8" ?>
<testsuite tests="6" failures="0" name="com.parkboard.board.BoardDaoTest" time="2.208" errors="0" skipped="5">
  <properties>
[...]
</properties>
  <testcase classname="com.parkboard.board.BoardDaoTest" name="testGetBoardContent" time="0.373">
    <skipped/>
    <system-out>INFO : org.springframework.test.context.support.DefaultTestContextBootstrapper - Loaded default TestExecutionListener class names from location [META-INF/spring.factories]: [org.springframework.test.context.web.ServletTestExecutionListener, org.springframework.test.context.support.DirtiesContextBeforeModesTestExecutionListener, org.springframework.test.context.support.DependencyInjectionTestExecutionListener, org.springframework.test.context.support.DirtiesContextTestExecutionListener, org.springframework.test.context.transaction.TransactionalTestExecutionListener, org.springframework.test.context.jdbc.SqlScriptsTestExecutionListener]
INFO : org.springframework.test.context.support.DefaultTestContextBootstrapper - Using TestExecutionListeners: [org.springframework.test.context.web.ServletTestExecutionListener@6b26e945, org.springframework.test.context.support.DirtiesContextBeforeModesTestExecutionListener@63a65a25, org.springframework.test.context.support.DependencyInjectionTestExecutionListener@54c562f7, org.springframework.test.context.support.DirtiesContextTestExecutionListener@318ba8c8, org.springframework.test.context.transaction.TransactionalTestExecutionListener@6dbb137d, org.springframework.test.context.jdbc.SqlScriptsTestExecutionListener@3c9d0b9d]
</system-out>
  </testcase>
  <testcase classname="com.parkboard.board.BoardDaoTest" name="testUpdateBoard" time="0.374">
    <skipped/>
  </testcase>
  <testcase classname="com.parkboard.board.BoardDaoTest" name="testInsertBoard" time="0.374">
    <skipped/>
  </testcase>
  <testcase classname="com.parkboard.board.BoardDaoTest" name="testGetBoardList" time="0.374">
    <skipped/>
  </testcase>
  <testcase classname="com.parkboard.board.BoardDaoTest" name="tesDeleteBoard" time="0.374">
    <skipped/>
  </testcase>
  <testcase classname="com.parkboard.board.BoardDaoTest" name="testUpdateViewCnt" time="0.339"/>
</testsuite>